{"C:\\Users\\Samira Costa\\Desktop\\rocketseat\\pokedex\\src\\App.tsx": {"path":"C:\\Users\\Samira Costa\\Desktop\\rocketseat\\pokedex\\src\\App.tsx","statementMap":{"0":{"start":{"line":1,"column":0},"end":{"line":1,"column":64}},"1":{"start":{"line":2,"column":0},"end":{"line":2,"column":48}},"2":{"start":{"line":3,"column":0},"end":{"line":3,"column":46}},"3":{"start":{"line":4,"column":0},"end":{"line":4,"column":52}},"4":{"start":{"line":5,"column":0},"end":{"line":5,"column":37}},"5":{"start":{"line":8,"column":2},"end":{"line":19,"column":null}},"6":{"start":{"line":22,"column":0},"end":{"line":22,"column":null}}},"fnMap":{"0":{"name":"App","decl":{"start":{"line":7,"column":9},"end":{"line":7,"column":12}},"loc":{"start":{"line":7,"column":12},"end":{"line":20,"column":1}}}},"branchMap":{},"s":{"0":0,"1":0,"2":0,"3":0,"4":0,"5":0,"6":0},"f":{"0":0},"b":{}}
,"C:\\Users\\Samira Costa\\Desktop\\rocketseat\\pokedex\\src\\main.tsx": {"path":"C:\\Users\\Samira Costa\\Desktop\\rocketseat\\pokedex\\src\\main.tsx","statementMap":{"0":{"start":{"line":1,"column":0},"end":{"line":1,"column":25}},"1":{"start":{"line":2,"column":0},"end":{"line":2,"column":39}},"2":{"start":{"line":3,"column":0},"end":{"line":3,"column":23}},"3":{"start":{"line":5,"column":0},"end":{"line":5,"column":22}},"4":{"start":{"line":7,"column":0},"end":{"line":11,"column":null}}},"fnMap":{},"branchMap":{},"s":{"0":0,"1":0,"2":0,"3":0,"4":0},"f":{},"b":{}}
,"C:\\Users\\Samira Costa\\Desktop\\rocketseat\\pokedex\\src\\vite-env.d.ts": {"path":"C:\\Users\\Samira Costa\\Desktop\\rocketseat\\pokedex\\src\\vite-env.d.ts","statementMap":{},"fnMap":{},"branchMap":{},"s":{},"f":{},"b":{}}
,"C:\\Users\\Samira Costa\\Desktop\\rocketseat\\pokedex\\src\\api\\pokeapi.ts": {"path":"C:\\Users\\Samira Costa\\Desktop\\rocketseat\\pokedex\\src\\api\\pokeapi.ts","statementMap":{"0":{"start":{"line":1,"column":26},"end":{"line":14,"column":1}},"1":{"start":{"line":2,"column":4},"end":{"line":13,"column":null}},"2":{"start":{"line":3,"column":25},"end":{"line":9,"column":14}},"3":{"start":{"line":4,"column":32},"end":{"line":4,"column":47}},"4":{"start":{"line":5,"column":33},"end":{"line":7,"column":18}},"5":{"start":{"line":6,"column":20},"end":{"line":6,"column":62}},"6":{"start":{"line":8,"column":16},"end":{"line":8,"column":null}},"7":{"start":{"line":10,"column":8},"end":{"line":10,"column":null}},"8":{"start":{"line":1,"column":13},"end":{"line":1,"column":26}},"9":{"start":{"line":16,"column":30},"end":{"line":23,"column":1}},"10":{"start":{"line":17,"column":4},"end":{"line":22,"column":null}},"11":{"start":{"line":18,"column":25},"end":{"line":18,"column":84}},"12":{"start":{"line":19,"column":8},"end":{"line":19,"column":37}},"13":{"start":{"line":21,"column":8},"end":{"line":21,"column":27}},"14":{"start":{"line":16,"column":13},"end":{"line":16,"column":30}}},"fnMap":{"0":{"name":"(anonymous_0)","decl":{"start":{"line":1,"column":26},"end":{"line":1,"column":31}},"loc":{"start":{"line":1,"column":75},"end":{"line":14,"column":1}}},"1":{"name":"(anonymous_1)","decl":{"start":{"line":4,"column":18},"end":{"line":4,"column":19}},"loc":{"start":{"line":4,"column":32},"end":{"line":4,"column":47}}},"2":{"name":"(anonymous_2)","decl":{"start":{"line":4,"column":54},"end":{"line":4,"column":59}},"loc":{"start":{"line":4,"column":69},"end":{"line":9,"column":13}}},"3":{"name":"(anonymous_3)","decl":{"start":{"line":5,"column":50},"end":{"line":5,"column":55}},"loc":{"start":{"line":5,"column":73},"end":{"line":7,"column":17}}},"4":{"name":"(anonymous_4)","decl":{"start":{"line":16,"column":30},"end":{"line":16,"column":35}},"loc":{"start":{"line":16,"column":68},"end":{"line":23,"column":1}}}},"branchMap":{"0":{"loc":{"start":{"line":1,"column":33},"end":{"line":1,"column":51}},"type":"default-arg","locations":[{"start":{"line":1,"column":49},"end":{"line":1,"column":51}}]},"1":{"loc":{"start":{"line":1,"column":53},"end":{"line":1,"column":71}},"type":"default-arg","locations":[{"start":{"line":1,"column":70},"end":{"line":1,"column":71}}]}},"s":{"0":3,"1":3,"2":3,"3":3,"4":0,"5":0,"6":0,"7":0,"8":3,"9":3,"10":1,"11":1,"12":1,"13":1,"14":3},"f":{"0":3,"1":3,"2":0,"3":0,"4":1},"b":{"0":[0],"1":[0]}}
,"C:\\Users\\Samira Costa\\Desktop\\rocketseat\\pokedex\\src\\components\\Card\\Card.tsx": {"path":"C:\\Users\\Samira Costa\\Desktop\\rocketseat\\pokedex\\src\\components\\Card\\Card.tsx","statementMap":{"0":{"start":{"line":1,"column":0},"end":{"line":1,"column":40}},"1":{"start":{"line":3,"column":0},"end":{"line":3,"column":41}},"2":{"start":{"line":5,"column":13},"end":{"line":5,"column":null}},"3":{"start":{"line":8,"column":13},"end":{"line":18,"column":1}},"4":{"start":{"line":9,"column":4},"end":{"line":17,"column":null}},"5":{"start":{"line":20,"column":0},"end":{"line":20,"column":20}}},"fnMap":{"0":{"name":"(anonymous_0)","decl":{"start":{"line":8,"column":13},"end":{"line":8,"column":14}},"loc":{"start":{"line":8,"column":43},"end":{"line":18,"column":1}}}},"branchMap":{},"s":{"0":2,"1":2,"2":2,"3":2,"4":1,"5":2},"f":{"0":1},"b":{}}
,"C:\\Users\\Samira Costa\\Desktop\\rocketseat\\pokedex\\src\\components\\Header\\Header.tsx": {"path":"C:\\Users\\Samira Costa\\Desktop\\rocketseat\\pokedex\\src\\components\\Header\\Header.tsx","statementMap":{"0":{"start":{"line":2,"column":0},"end":{"line":2,"column":40}},"1":{"start":{"line":3,"column":0},"end":{"line":3,"column":53}},"2":{"start":{"line":5,"column":13},"end":{"line":5,"column":null}},"3":{"start":{"line":7,"column":15},"end":{"line":21,"column":1}},"4":{"start":{"line":8,"column":4},"end":{"line":20,"column":null}},"5":{"start":{"line":23,"column":0},"end":{"line":23,"column":22}}},"fnMap":{"0":{"name":"(anonymous_0)","decl":{"start":{"line":7,"column":15},"end":{"line":7,"column":18}},"loc":{"start":{"line":7,"column":20},"end":{"line":21,"column":1}}}},"branchMap":{},"s":{"0":1,"1":1,"2":1,"3":1,"4":1,"5":1},"f":{"0":1},"b":{}}
,"C:\\Users\\Samira Costa\\Desktop\\rocketseat\\pokedex\\src\\components\\Loading\\Loading.tsx": {"path":"C:\\Users\\Samira Costa\\Desktop\\rocketseat\\pokedex\\src\\components\\Loading\\Loading.tsx","statementMap":{"0":{"start":{"line":1,"column":0},"end":{"line":1,"column":53}},"1":{"start":{"line":3,"column":13},"end":{"line":3,"column":46}},"2":{"start":{"line":5,"column":16},"end":{"line":11,"column":1}},"3":{"start":{"line":6,"column":4},"end":{"line":10,"column":null}},"4":{"start":{"line":13,"column":0},"end":{"line":13,"column":23}}},"fnMap":{"0":{"name":"(anonymous_0)","decl":{"start":{"line":5,"column":16},"end":{"line":5,"column":19}},"loc":{"start":{"line":5,"column":21},"end":{"line":11,"column":1}}}},"branchMap":{},"s":{"0":3,"1":3,"2":3,"3":4,"4":3},"f":{"0":4},"b":{}}
,"C:\\Users\\Samira Costa\\Desktop\\rocketseat\\pokedex\\src\\components\\Pagination\\Pagination.tsx": {"path":"C:\\Users\\Samira Costa\\Desktop\\rocketseat\\pokedex\\src\\components\\Pagination\\Pagination.tsx","statementMap":{"0":{"start":{"line":2,"column":0},"end":{"line":2,"column":59}},"1":{"start":{"line":4,"column":13},"end":{"line":4,"column":null}},"2":{"start":{"line":13,"column":19},"end":{"line":22,"column":1}},"3":{"start":{"line":15,"column":4},"end":{"line":21,"column":null}},"4":{"start":{"line":24,"column":0},"end":{"line":24,"column":26}}},"fnMap":{"0":{"name":"(anonymous_0)","decl":{"start":{"line":13,"column":19},"end":{"line":13,"column":20}},"loc":{"start":{"line":13,"column":88},"end":{"line":22,"column":1}}}},"branchMap":{},"s":{"0":2,"1":2,"2":2,"3":1,"4":2},"f":{"0":1},"b":{}}
,"C:\\Users\\Samira Costa\\Desktop\\rocketseat\\pokedex\\src\\components\\Pokemon\\Pokemon.tsx": {"path":"C:\\Users\\Samira Costa\\Desktop\\rocketseat\\pokedex\\src\\components\\Pokemon\\Pokemon.tsx","statementMap":{"0":{"start":{"line":4,"column":13},"end":{"line":4,"column":null}},"1":{"start":{"line":6,"column":16},"end":{"line":20,"column":1}},"2":{"start":{"line":7,"column":4},"end":{"line":19,"column":null}},"3":{"start":{"line":22,"column":0},"end":{"line":22,"column":23}}},"fnMap":{"0":{"name":"(anonymous_0)","decl":{"start":{"line":6,"column":16},"end":{"line":6,"column":17}},"loc":{"start":{"line":6,"column":46},"end":{"line":20,"column":1}}}},"branchMap":{},"s":{"0":5,"1":5,"2":8,"3":5},"f":{"0":8},"b":{}}
,"C:\\Users\\Samira Costa\\Desktop\\rocketseat\\pokedex\\src\\components\\PokemonDetails\\PokemonDetails.tsx": {"path":"C:\\Users\\Samira Costa\\Desktop\\rocketseat\\pokedex\\src\\components\\PokemonDetails\\PokemonDetails.tsx","statementMap":{"0":{"start":{"line":1,"column":0},"end":{"line":1,"column":33}},"1":{"start":{"line":3,"column":0},"end":{"line":3,"column":105}},"2":{"start":{"line":4,"column":0},"end":{"line":4,"column":41}},"3":{"start":{"line":5,"column":0},"end":{"line":5,"column":53}},"4":{"start":{"line":6,"column":0},"end":{"line":6,"column":53}},"5":{"start":{"line":7,"column":0},"end":{"line":7,"column":53}},"6":{"start":{"line":9,"column":13},"end":{"line":9,"column":null}},"7":{"start":{"line":12,"column":23},"end":{"line":67,"column":1}},"8":{"start":{"line":13,"column":46},"end":{"line":13,"column":87}},"9":{"start":{"line":15,"column":34},"end":{"line":22,"column":5}},"10":{"start":{"line":16,"column":8},"end":{"line":21,"column":63}},"11":{"start":{"line":24,"column":4},"end":{"line":66,"column":null}},"12":{"start":{"line":29,"column":40},"end":{"line":29,"column":63}},"13":{"start":{"line":40,"column":45},"end":{"line":40,"column":60}},"14":{"start":{"line":41,"column":32},"end":{"line":41,"column":null}},"15":{"start":{"line":48,"column":32},"end":{"line":48,"column":null}},"16":{"start":{"line":54,"column":28},"end":{"line":59,"column":null}},"17":{"start":{"line":69,"column":0},"end":{"line":69,"column":30}}},"fnMap":{"0":{"name":"(anonymous_0)","decl":{"start":{"line":12,"column":23},"end":{"line":12,"column":24}},"loc":{"start":{"line":12,"column":53},"end":{"line":67,"column":1}}},"1":{"name":"(anonymous_1)","decl":{"start":{"line":15,"column":34},"end":{"line":15,"column":37}},"loc":{"start":{"line":15,"column":39},"end":{"line":22,"column":5}}},"2":{"name":"(anonymous_2)","decl":{"start":{"line":29,"column":34},"end":{"line":29,"column":37}},"loc":{"start":{"line":29,"column":40},"end":{"line":29,"column":63}}},"3":{"name":"(anonymous_3)","decl":{"start":{"line":39,"column":47},"end":{"line":39,"column":48}},"loc":{"start":{"line":39,"column":77},"end":{"line":42,"column":29}}},"4":{"name":"(anonymous_4)","decl":{"start":{"line":47,"column":51},"end":{"line":47,"column":52}},"loc":{"start":{"line":47,"column":81},"end":{"line":49,"column":29}}},"5":{"name":"(anonymous_5)","decl":{"start":{"line":53,"column":43},"end":{"line":53,"column":44}},"loc":{"start":{"line":53,"column":58},"end":{"line":60,"column":25}}}},"branchMap":{"0":{"loc":{"start":{"line":16,"column":8},"end":{"line":21,"column":62}},"type":"cond-expr","locations":[{"start":{"line":17,"column":12},"end":{"line":18,"column":61}},{"start":{"line":20,"column":12},"end":{"line":21,"column":61}}]},"1":{"loc":{"start":{"line":30,"column":25},"end":{"line":30,"column":125}},"type":"cond-expr","locations":[{"start":{"line":30,"column":42},"end":{"line":30,"column":79}},{"start":{"line":30,"column":84},"end":{"line":30,"column":124}}]}},"s":{"0":2,"1":2,"2":2,"3":2,"4":2,"5":2,"6":2,"7":2,"8":6,"9":6,"10":3,"11":6,"12":3,"13":6,"14":6,"15":6,"16":6,"17":2},"f":{"0":6,"1":3,"2":3,"3":6,"4":6,"5":6},"b":{"0":[1,2],"1":[3,3]}}
,"C:\\Users\\Samira Costa\\Desktop\\rocketseat\\pokedex\\src\\components\\PokemonType\\PokemonType.tsx": {"path":"C:\\Users\\Samira Costa\\Desktop\\rocketseat\\pokedex\\src\\components\\PokemonType\\PokemonType.tsx","statementMap":{"0":{"start":{"line":2,"column":0},"end":{"line":2,"column":68}},"1":{"start":{"line":4,"column":13},"end":{"line":4,"column":51}},"2":{"start":{"line":10,"column":20},"end":{"line":12,"column":1}},"3":{"start":{"line":11,"column":4},"end":{"line":11,"column":null}},"4":{"start":{"line":14,"column":0},"end":{"line":14,"column":27}}},"fnMap":{"0":{"name":"(anonymous_0)","decl":{"start":{"line":10,"column":20},"end":{"line":10,"column":21}},"loc":{"start":{"line":10,"column":49},"end":{"line":12,"column":1}}}},"branchMap":{},"s":{"0":3,"1":3,"2":3,"3":7,"4":3},"f":{"0":7},"b":{}}
,"C:\\Users\\Samira Costa\\Desktop\\rocketseat\\pokedex\\src\\components\\ProgressBar\\ProgressBar.tsx": {"path":"C:\\Users\\Samira Costa\\Desktop\\rocketseat\\pokedex\\src\\components\\ProgressBar\\ProgressBar.tsx","statementMap":{"0":{"start":{"line":3,"column":13},"end":{"line":3,"column":null}},"1":{"start":{"line":9,"column":20},"end":{"line":21,"column":1}},"2":{"start":{"line":10,"column":2},"end":{"line":20,"column":4}},"3":{"start":{"line":23,"column":0},"end":{"line":23,"column":27}}},"fnMap":{"0":{"name":"(anonymous_0)","decl":{"start":{"line":9,"column":20},"end":{"line":9,"column":21}},"loc":{"start":{"line":9,"column":56},"end":{"line":21,"column":1}}}},"branchMap":{},"s":{"0":3,"1":3,"2":7,"3":3},"f":{"0":7},"b":{}}
,"C:\\Users\\Samira Costa\\Desktop\\rocketseat\\pokedex\\src\\pages\\Details\\Details.tsx": {"path":"C:\\Users\\Samira Costa\\Desktop\\rocketseat\\pokedex\\src\\pages\\Details\\Details.tsx","statementMap":{"0":{"start":{"line":1,"column":0},"end":{"line":1,"column":49}},"1":{"start":{"line":2,"column":0},"end":{"line":2,"column":41}},"2":{"start":{"line":3,"column":0},"end":{"line":3,"column":51}},"3":{"start":{"line":5,"column":0},"end":{"line":5,"column":55}},"4":{"start":{"line":6,"column":0},"end":{"line":6,"column":76}},"5":{"start":{"line":8,"column":13},"end":{"line":8,"column":null}},"6":{"start":{"line":10,"column":16},"end":{"line":36,"column":1}},"7":{"start":{"line":11,"column":17},"end":{"line":11,"column":28}},"8":{"start":{"line":12,"column":36},"end":{"line":12,"column":55}},"9":{"start":{"line":13,"column":34},"end":{"line":13,"column":48}},"10":{"start":{"line":16,"column":26},"end":{"line":24,"column":5}},"11":{"start":{"line":17,"column":8},"end":{"line":23,"column":null}},"12":{"start":{"line":18,"column":25},"end":{"line":18,"column":49}},"13":{"start":{"line":19,"column":12},"end":{"line":19,"column":30}},"14":{"start":{"line":20,"column":12},"end":{"line":20,"column":30}},"15":{"start":{"line":22,"column":12},"end":{"line":22,"column":null}},"16":{"start":{"line":26,"column":4},"end":{"line":28,"column":null}},"17":{"start":{"line":27,"column":8},"end":{"line":27,"column":24}},"18":{"start":{"line":31,"column":4},"end":{"line":35,"column":null}},"19":{"start":{"line":38,"column":0},"end":{"line":38,"column":23}}},"fnMap":{"0":{"name":"(anonymous_0)","decl":{"start":{"line":10,"column":16},"end":{"line":10,"column":19}},"loc":{"start":{"line":10,"column":21},"end":{"line":36,"column":1}}},"1":{"name":"(anonymous_1)","decl":{"start":{"line":16,"column":26},"end":{"line":16,"column":31}},"loc":{"start":{"line":16,"column":37},"end":{"line":24,"column":5}}},"2":{"name":"(anonymous_2)","decl":{"start":{"line":26,"column":14},"end":{"line":26,"column":17}},"loc":{"start":{"line":26,"column":19},"end":{"line":28,"column":7}}}},"branchMap":{"0":{"loc":{"start":{"line":33,"column":12},"end":{"line":33,"column":78}},"type":"cond-expr","locations":[{"start":{"line":33,"column":24},"end":{"line":33,"column":61}},{"start":{"line":33,"column":66},"end":{"line":33,"column":77}}]}},"s":{"0":1,"1":1,"2":1,"3":1,"4":1,"5":1,"6":1,"7":2,"8":1,"9":1,"10":1,"11":1,"12":1,"13":1,"14":1,"15":0,"16":1,"17":1,"18":1,"19":1},"f":{"0":2,"1":1,"2":1},"b":{"0":[0,1]}}
,"C:\\Users\\Samira Costa\\Desktop\\rocketseat\\pokedex\\src\\pages\\Favorites\\Favorites.tsx": {"path":"C:\\Users\\Samira Costa\\Desktop\\rocketseat\\pokedex\\src\\pages\\Favorites\\Favorites.tsx","statementMap":{"0":{"start":{"line":1,"column":0},"end":{"line":1,"column":51}},"1":{"start":{"line":2,"column":0},"end":{"line":2,"column":46}},"2":{"start":{"line":4,"column":0},"end":{"line":4,"column":60}},"3":{"start":{"line":6,"column":18},"end":{"line":28,"column":1}},"4":{"start":{"line":7,"column":38},"end":{"line":7,"column":50}},"5":{"start":{"line":8,"column":34},"end":{"line":8,"column":62}},"6":{"start":{"line":10,"column":4},"end":{"line":12,"column":null}},"7":{"start":{"line":11,"column":8},"end":{"line":11,"column":54}},"8":{"start":{"line":14,"column":4},"end":{"line":27,"column":null}},"9":{"start":{"line":19,"column":24},"end":{"line":21,"column":null}},"10":{"start":{"line":30,"column":0},"end":{"line":30,"column":25}}},"fnMap":{"0":{"name":"(anonymous_0)","decl":{"start":{"line":6,"column":18},"end":{"line":6,"column":21}},"loc":{"start":{"line":6,"column":23},"end":{"line":28,"column":1}}},"1":{"name":"(anonymous_1)","decl":{"start":{"line":10,"column":14},"end":{"line":10,"column":17}},"loc":{"start":{"line":10,"column":19},"end":{"line":12,"column":5}}},"2":{"name":"(anonymous_2)","decl":{"start":{"line":18,"column":35},"end":{"line":18,"column":36}},"loc":{"start":{"line":18,"column":56},"end":{"line":22,"column":21}}}},"branchMap":{},"s":{"0":0,"1":0,"2":0,"3":0,"4":0,"5":0,"6":0,"7":0,"8":0,"9":0,"10":0},"f":{"0":0,"1":0,"2":0},"b":{}}
,"C:\\Users\\Samira Costa\\Desktop\\rocketseat\\pokedex\\src\\pages\\Home\\Home.tsx": {"path":"C:\\Users\\Samira Costa\\Desktop\\rocketseat\\pokedex\\src\\pages\\Home\\Home.tsx","statementMap":{"0":{"start":{"line":1,"column":0},"end":{"line":1,"column":51}},"1":{"start":{"line":2,"column":0},"end":{"line":2,"column":47}},"2":{"start":{"line":3,"column":0},"end":{"line":3,"column":46}},"3":{"start":{"line":4,"column":0},"end":{"line":4,"column":55}},"4":{"start":{"line":5,"column":0},"end":{"line":5,"column":64}},"5":{"start":{"line":8,"column":13},"end":{"line":8,"column":null}},"6":{"start":{"line":11,"column":13},"end":{"line":70,"column":1}},"7":{"start":{"line":12,"column":34},"end":{"line":12,"column":48}},"8":{"start":{"line":13,"column":40},"end":{"line":13,"column":51}},"9":{"start":{"line":14,"column":28},"end":{"line":14,"column":39}},"10":{"start":{"line":15,"column":36},"end":{"line":15,"column":55}},"11":{"start":{"line":16,"column":25},"end":{"line":16,"column":27}},"12":{"start":{"line":19,"column":26},"end":{"line":28,"column":5}},"13":{"start":{"line":20,"column":8},"end":{"line":27,"column":null}},"14":{"start":{"line":21,"column":25},"end":{"line":21,"column":76}},"15":{"start":{"line":22,"column":12},"end":{"line":22,"column":40}},"16":{"start":{"line":23,"column":12},"end":{"line":23,"column":65}},"17":{"start":{"line":24,"column":12},"end":{"line":24,"column":null}},"18":{"start":{"line":26,"column":12},"end":{"line":26,"column":null}},"19":{"start":{"line":30,"column":27},"end":{"line":34,"column":5}},"20":{"start":{"line":31,"column":8},"end":{"line":33,"column":null}},"21":{"start":{"line":32,"column":12},"end":{"line":32,"column":null}},"22":{"start":{"line":36,"column":27},"end":{"line":40,"column":5}},"23":{"start":{"line":37,"column":8},"end":{"line":39,"column":null}},"24":{"start":{"line":38,"column":12},"end":{"line":38,"column":null}},"25":{"start":{"line":43,"column":4},"end":{"line":45,"column":null}},"26":{"start":{"line":44,"column":8},"end":{"line":44,"column":24}},"27":{"start":{"line":47,"column":4},"end":{"line":69,"column":null}},"28":{"start":{"line":54,"column":32},"end":{"line":56,"column":null}},"29":{"start":{"line":72,"column":0},"end":{"line":72,"column":20}}},"fnMap":{"0":{"name":"(anonymous_0)","decl":{"start":{"line":11,"column":13},"end":{"line":11,"column":16}},"loc":{"start":{"line":11,"column":18},"end":{"line":70,"column":1}}},"1":{"name":"(anonymous_1)","decl":{"start":{"line":19,"column":26},"end":{"line":19,"column":31}},"loc":{"start":{"line":19,"column":37},"end":{"line":28,"column":5}}},"2":{"name":"(anonymous_2)","decl":{"start":{"line":30,"column":27},"end":{"line":30,"column":30}},"loc":{"start":{"line":30,"column":32},"end":{"line":34,"column":5}}},"3":{"name":"(anonymous_3)","decl":{"start":{"line":36,"column":27},"end":{"line":36,"column":30}},"loc":{"start":{"line":36,"column":32},"end":{"line":40,"column":5}}},"4":{"name":"(anonymous_4)","decl":{"start":{"line":43,"column":14},"end":{"line":43,"column":17}},"loc":{"start":{"line":43,"column":19},"end":{"line":45,"column":5}}},"5":{"name":"(anonymous_5)","decl":{"start":{"line":53,"column":42},"end":{"line":53,"column":43}},"loc":{"start":{"line":53,"column":63},"end":{"line":57,"column":29}}}},"branchMap":{"0":{"loc":{"start":{"line":31,"column":8},"end":{"line":33,"column":null}},"type":"if","locations":[{"start":{"line":31,"column":8},"end":{"line":33,"column":null}}]},"1":{"loc":{"start":{"line":37,"column":8},"end":{"line":39,"column":null}},"type":"if","locations":[{"start":{"line":37,"column":8},"end":{"line":39,"column":null}}]},"2":{"loc":{"start":{"line":50,"column":16},"end":{"line":66,"column":33}},"type":"cond-expr","locations":[{"start":{"line":51,"column":20},"end":{"line":64,"column":null}},{"start":{"line":66,"column":21},"end":{"line":66,"column":32}}]}},"s":{"0":1,"1":1,"2":1,"3":1,"4":1,"5":1,"6":1,"7":2,"8":2,"9":2,"10":2,"11":2,"12":2,"13":2,"14":2,"15":2,"16":2,"17":2,"18":0,"19":2,"20":0,"21":0,"22":2,"23":0,"24":0,"25":2,"26":2,"27":2,"28":0,"29":1},"f":{"0":2,"1":2,"2":0,"3":0,"4":2,"5":0},"b":{"0":[0],"1":[0],"2":[0,2]}}
,"C:\\Users\\Samira Costa\\Desktop\\rocketseat\\pokedex\\src\\utils\\favorites.ts": {"path":"C:\\Users\\Samira Costa\\Desktop\\rocketseat\\pokedex\\src\\utils\\favorites.ts","statementMap":{"0":{"start":{"line":5,"column":36},"end":{"line":9,"column":1}},"1":{"start":{"line":6,"column":22},"end":{"line":6,"column":53}},"2":{"start":{"line":7,"column":4},"end":{"line":7,"column":28}},"3":{"start":{"line":8,"column":4},"end":{"line":8,"column":null}},"4":{"start":{"line":5,"column":13},"end":{"line":5,"column":36}},"5":{"start":{"line":12,"column":35},"end":{"line":16,"column":1}},"6":{"start":{"line":13,"column":4},"end":{"line":13,"column":null}},"7":{"start":{"line":14,"column":19},"end":{"line":14,"column":69}},"8":{"start":{"line":14,"column":55},"end":{"line":14,"column":68}},"9":{"start":{"line":15,"column":4},"end":{"line":15,"column":18}},"10":{"start":{"line":12,"column":13},"end":{"line":12,"column":35}},"11":{"start":{"line":18,"column":35},"end":{"line":22,"column":1}},"12":{"start":{"line":19,"column":4},"end":{"line":19,"column":null}},"13":{"start":{"line":20,"column":19},"end":{"line":20,"column":73}},"14":{"start":{"line":20,"column":57},"end":{"line":20,"column":72}},"15":{"start":{"line":21,"column":4},"end":{"line":21,"column":31}},"16":{"start":{"line":18,"column":13},"end":{"line":18,"column":35}},"17":{"start":{"line":24,"column":37},"end":{"line":28,"column":1}},"18":{"start":{"line":25,"column":4},"end":{"line":25,"column":null}},"19":{"start":{"line":26,"column":4},"end":{"line":26,"column":71}},"20":{"start":{"line":26,"column":54},"end":{"line":26,"column":69}},"21":{"start":{"line":27,"column":4},"end":{"line":27,"column":null}},"22":{"start":{"line":24,"column":13},"end":{"line":24,"column":37}}},"fnMap":{"0":{"name":"(anonymous_0)","decl":{"start":{"line":5,"column":36},"end":{"line":5,"column":37}},"loc":{"start":{"line":5,"column":57},"end":{"line":9,"column":1}}},"1":{"name":"(anonymous_1)","decl":{"start":{"line":12,"column":35},"end":{"line":12,"column":36}},"loc":{"start":{"line":12,"column":50},"end":{"line":16,"column":1}}},"2":{"name":"(anonymous_2)","decl":{"start":{"line":14,"column":36},"end":{"line":14,"column":37}},"loc":{"start":{"line":14,"column":55},"end":{"line":14,"column":68}}},"3":{"name":"(anonymous_3)","decl":{"start":{"line":18,"column":35},"end":{"line":18,"column":36}},"loc":{"start":{"line":18,"column":50},"end":{"line":22,"column":1}}},"4":{"name":"(anonymous_4)","decl":{"start":{"line":20,"column":36},"end":{"line":20,"column":37}},"loc":{"start":{"line":20,"column":57},"end":{"line":20,"column":72}}},"5":{"name":"(anonymous_5)","decl":{"start":{"line":24,"column":37},"end":{"line":24,"column":38}},"loc":{"start":{"line":24,"column":52},"end":{"line":28,"column":1}}},"6":{"name":"(anonymous_6)","decl":{"start":{"line":26,"column":33},"end":{"line":26,"column":34}},"loc":{"start":{"line":26,"column":54},"end":{"line":26,"column":69}}}},"branchMap":{"0":{"loc":{"start":{"line":13,"column":4},"end":{"line":13,"column":133}},"type":"cond-expr","locations":[{"start":{"line":13,"column":49},"end":{"line":13,"column":63}},{"start":{"line":13,"column":66},"end":{"line":13,"column":133}}]},"1":{"loc":{"start":{"line":19,"column":4},"end":{"line":19,"column":133}},"type":"cond-expr","locations":[{"start":{"line":19,"column":49},"end":{"line":19,"column":63}},{"start":{"line":19,"column":66},"end":{"line":19,"column":133}}]},"2":{"loc":{"start":{"line":25,"column":4},"end":{"line":25,"column":133}},"type":"cond-expr","locations":[{"start":{"line":25,"column":49},"end":{"line":25,"column":63}},{"start":{"line":25,"column":66},"end":{"line":25,"column":133}}]}},"s":{"0":2,"1":2,"2":2,"3":2,"4":2,"5":2,"6":2,"7":2,"8":0,"9":2,"10":2,"11":2,"12":9,"13":9,"14":5,"15":9,"16":2,"17":2,"18":1,"19":1,"20":1,"21":1,"22":2},"f":{"0":2,"1":2,"2":0,"3":9,"4":5,"5":1,"6":1},"b":{"0":[1,1],"1":[2,7],"2":[0,1]}}
,"C:\\Users\\Samira Costa\\Desktop\\rocketseat\\pokedex\\src\\utils\\mock.ts": {"path":"C:\\Users\\Samira Costa\\Desktop\\rocketseat\\pokedex\\src\\utils\\mock.ts","statementMap":{"0":{"start":{"line":1,"column":13},"end":{"line":33016,"column":null}}},"fnMap":{},"branchMap":{},"s":{"0":1},"f":{},"b":{}}
,"C:\\Users\\Samira Costa\\Desktop\\rocketseat\\pokedex\\src\\utils\\pokemon-type-colors.ts": {"path":"C:\\Users\\Samira Costa\\Desktop\\rocketseat\\pokedex\\src\\utils\\pokemon-type-colors.ts","statementMap":{"0":{"start":{"line":1,"column":13},"end":{"line":20,"column":2}}},"fnMap":{},"branchMap":{},"s":{"0":3},"f":{},"b":{}}
}
